make all --print-data-base --no-builtin-variables --no-builtin-rules --question
# GNU Make 3.81
# Copyright (C) 2006  Free Software Foundation, Inc.
# This is free software; see the source for copying conditions.
# There is NO warranty; not even for MERCHANTABILITY or FITNESS FOR A
# PARTICULAR PURPOSE.

# This program built for i386-apple-darwin11.3.0

# Make data base, printed on Thu Jun 16 07:10:46 2022

# Variables

# automatic
<D = $(patsubst %/,%,$(dir $<))
# automatic
?F = $(notdir $?)
# environment
ELECTRON_NO_ATTACH_CONSOLE = 1
# environment
LC_CTYPE = UTF-8
# environment
VSCODE_LOG_NATIVE = false
# environment
NVM_INC = /Users/sven/.nvm/versions/node/v16.14.0/include/node
# automatic
?D = $(patsubst %/,%,$(dir $?))
# environment
CPPFLAGS = -I/opt/homebrew/opt/openjdk/include
# automatic
@D = $(patsubst %/,%,$(dir $@))
# automatic
@F = $(notdir $@)
# makefile
CURDIR := /Users/sven/repos/hackerone-api-client
# makefile
SHELL = /bin/sh
# environment
VSCODE_NLS_CONFIG = {"locale":"en-gb","availableLanguages":{},"_languagePackSupport":true}
# environment
_ = /usr/bin/make
# makefile (from `Makefile', line 1)
MAKEFILE_LIST :=  Makefile
# environment
VSCODE_AMD_ENTRYPOINT = vs/workbench/api/node/extensionHostProcess
# environment
AUTOJUMP_SOURCED = 1
# environment
VSCODE_VERBOSE_LOGGING = true
# environment
__CFBundleIdentifier = com.microsoft.VSCode
# environment
INFOPATH = /opt/homebrew/share/info:/opt/homebrew/share/info:
# environment
P9K_SSH = 0
# environment
VSCODE_IPC_HOOK_EXTHOST = /var/folders/q1/0nrtz4_d36352w33vzb8tymh0000gn/T/vscode-ipc-e5d3af96-0668-40a4-81be-ad463d95cdf6.sock
# environment
VSCODE_CWD = /Users/sven/repos
# environment
GOPROXY = https://proxy.golang.org,direct
# environment
PATH = /Users/sven/repos/google-cloud-sdk/bin:/opt/homebrew/opt/mysql-client/bin:/Users/sven/go/bin:/Users/sven/.autojump/bin:/opt/homebrew/opt/openjdk/bin:/Users/sven/.nvm/versions/node/v16.14.0/bin:/Users/sven/.autojump/bin:/opt/homebrew/bin:/opt/homebrew/sbin:/usr/local/bin:/usr/bin:/bin:/usr/sbin:/sbin:/Applications/VMware Fusion.app/Contents/Public:/usr/local/MacGPG2/bin:/Users/sven/repos/google-cloud-sdk/bin:/opt/homebrew/opt/mysql-client/bin:/Users/sven/go/bin:/Users/sven/.autojump/bin:/opt/homebrew/opt/openjdk/bin:/Users/sven/.nvm/versions/node/v16.14.0/bin:/opt/homebrew/bin:/opt/homebrew/sbin
# environment
LSCOLORS = Gxfxcxdxbxegedabagacad
# environment
GOPATH = /Users/sven/go
# environment
NVM_BIN = /Users/sven/.nvm/versions/node/v16.14.0/bin
# environment
LaunchInstanceID = C9F7D6DA-2109-4526-9ED1-34F33B914076
# environment
VSCODE_LOG_STACK = false
# environment
ELECTRON_RUN_AS_NODE = 1
# default
.FEATURES := target-specific order-only second-expansion else-if archives jobserver check-symlink
# environment
SSH_AUTH_SOCK = /private/tmp/com.apple.launchd.zJRgIlRKJj/Listeners
# automatic
%F = $(notdir $%)
# environment
TMUX_PANE = %1
# environment
VSCODE_PIPE_LOGGING = true
# environment
PWD = /Users/sven/repos/hackerone-api-client
# environment
HOMEBREW_CELLAR = /opt/homebrew/Cellar
# environment
ORIGINAL_XDG_CURRENT_DESKTOP = undefined
# environment
MANPATH = /Users/sven/.nvm/versions/node/v16.14.0/share/man:/opt/homebrew/share/man:/usr/share/man:/usr/local/share/man:/usr/local/MacGPG2/share/man:/Users/sven/.nvm/versions/node/v16.14.0/share/man:/opt/homebrew/share/man:
# environment
GOMODCACHE = /Users/sven/go/pkg/mod
# environment
PYENV_SHELL = zsh
# environment
HOME = /Users/sven
# default
MAKEFILEPATH = $(shell /usr/bin/xcode-select -print-path 2>/dev/null || echo /Developer)/Makefiles
# environment
VSCODE_CLI = 1
# environment
VSCODE_CODE_CACHE_PATH = /Users/sven/Library/Application Support/Code/CachedData/4af164ea3a06f701fe3e89a2bcbb421d2026b68f
# environment
TMUX_PLUGIN_MANAGER_PATH = /Users/sven/.tmux/plugins
# environment
LOGNAME = sven
# environment
APPLICATION_INSIGHTS_NO_DIAGNOSTIC_CHANNEL = 1
# environment
NVM_CD_FLAGS = -q
# environment
ZSH = /Users/sven/.oh-my-zsh
# environment
VSCODE_HANDLES_UNCAUGHT_ERRORS = true
# automatic
^D = $(patsubst %/,%,$(dir $^))
# environment
XPC_FLAGS = 0x0
# environment
COLORTERM = truecolor
# default
MAKE = $(MAKE_COMMAND)
# environment
LC_TERMINAL = iTerm2
# environment
SHLVL = 4
# default
MAKE_VERSION := 3.81
# environment
USER = sven
# makefile
.DEFAULT_GOAL := default
# default
MAKECMDGOALS := all
# environment
TERM_SESSION_ID = w0t0p0:A85CD1F9-FA0D-4E3F-AF8C-36D6EDA93240
# environment
LESS = -R
# automatic
%D = $(patsubst %/,%,$(dir $%))
# default
MAKE_COMMAND := /Library/Developer/CommandLineTools/usr/bin/make
# environment
TERM_PROGRAM = tmux
# default
.VARIABLES := 
# environment
TMPDIR = /var/folders/q1/0nrtz4_d36352w33vzb8tymh0000gn/T/
# automatic
*F = $(notdir $*)
# environment
VSCODE_IPC_HOOK = /Users/sven/Library/Application Support/Code/1.68.0-main.sock
# makefile
MAKEFLAGS = Rrqp
# environment
MFLAGS = -Rrqp
# automatic
*D = $(patsubst %/,%,$(dir $*))
# environment
TERM_PROGRAM_VERSION = 3.2a
# environment
NVM_DIR = /Users/sven/.nvm
# environment
XPC_SERVICE_NAME = application.com.microsoft.VSCode.25998161.25998167.1CF34C21-2DEA-4323-8158-A6DBEA961128
# environment
LC_TERMINAL_VERSION = 3.4.15
# environment
HOMEBREW_PREFIX = /opt/homebrew
# automatic
+D = $(patsubst %/,%,$(dir $+))
# environment
TMUX = /private/tmp/tmux-501/default,1522,0
# automatic
+F = $(notdir $+)
# environment
ITERM_SESSION_ID = w0t0p0:A85CD1F9-FA0D-4E3F-AF8C-36D6EDA93240
# environment
HOMEBREW_REPOSITORY = /opt/homebrew
# environment
COLORFGBG = 7;0
# environment
__CF_USER_TEXT_ENCODING = 0x1F5:0x0:0x0
# environment
COMMAND_MODE = unix2003
# default
MAKEFILES := 
# automatic
<F = $(notdir $<)
# environment
ITERM_PROFILE = Hotkey Window
# environment
PAGER = less
# environment
LC_ALL = C
# environment
SECURITYSESSIONID = 186b4
# environment
P9K_TTY = old
# automatic
^F = $(notdir $^)
# default
SUFFIXES := 
# environment
MAKELEVEL := 0
# environment
AUTOJUMP_ERROR_PATH = /Users/sven/Library/autojump/errors.log
# environment
LANG = C
# environment
TERM = screen-256color
# environment
_P9K_TTY = /dev/ttys005
# environment
VSCODE_PID = 3076
# variable set hash-table stats:
# Load=102/1024=10%, Rehash=0, Collisions=5/125=4%

# Pattern-specific Variable Values

# No pattern-specific variable values.

# Directories

# . (device 16777230, inode 28861241): 13 files, no impossibilities.

# 13 files, no impossibilities in 1 directories.

# Implicit Rules

# No implicit rules.

# Files

# Not a target:
all:
#  Command-line target.
#  Implicit rule search has been done.
#  File does not exist.
#  File has not been updated.
# variable set hash-table stats:
# Load=0/32=0%, Rehash=0, Collisions=0/0=0%

.PHONY: test
#  Implicit rule search has not been done.
#  Modification time never checked.
#  File has not been updated.

# Not a target:
.SUFFIXES:
#  Implicit rule search has not been done.
#  Modification time never checked.
#  File has not been updated.

# Not a target:
Makefile:
#  Implicit rule search has been done.
#  Last modified 2022-06-16 07:10:42
#  File has been updated.
#  Successfully updated.
# variable set hash-table stats:
# Load=0/32=0%, Rehash=0, Collisions=0/0=0%

test:
#  Phony target (prerequisite of .PHONY).
#  Implicit rule search has not been done.
#  File does not exist.
#  File has not been updated.
#  commands to execute (from `Makefile', line 5):
	go test -race ./...
	

default: test
#  Implicit rule search has not been done.
#  Modification time never checked.
#  File has not been updated.

# Not a target:
.DEFAULT:
#  Implicit rule search has not been done.
#  Modification time never checked.
#  File has not been updated.

# files hash-table stats:
# Load=7/1024=1%, Rehash=0, Collisions=0/21=0%
# VPATH Search Paths

# No `vpath' search paths.

# No general (`VPATH' variable) search path.

# # of strings in strcache: 1
# # of strcache buffers: 1
# strcache size: total = 4096 / max = 4096 / min = 4096 / avg = 4096
# strcache free: total = 4087 / max = 4087 / min = 4087 / avg = 4087

# Finished Make data base on Thu Jun 16 07:10:46 2022

 
make: *** No rule to make target `all'.  Stop.

